#
# There is insufficient memory for the Java Runtime Environment to continue.
# Native memory allocation (mmap) failed to map 132120576 bytes for Failed to commit area from 0x0000000083a00000 to 0x000000008b800000 of length 132120576.
# Possible reasons:
#   The system is out of physical RAM or swap space
#   The process is running with CompressedOops enabled, and the Java Heap may be blocking the growth of the native heap
# Possible solutions:
#   Reduce memory load on the system
#   Increase physical memory or swap space
#   Check if swap backing store is full
#   Decrease Java heap size (-Xmx/-Xms)
#   Decrease number of Java threads
#   Decrease Java thread stack sizes (-Xss)
#   Set larger code cache with -XX:ReservedCodeCacheSize=
# This output file may be truncated or incomplete.
#
#  Out of Memory Error (t:/workspace/open/src/hotspot/os/windows/os_windows.cpp:3301), pid=34232, tid=31228
#
# JRE version:  (13.0.2+8) (build )
# Java VM: Java HotSpot(TM) 64-Bit Server VM (13.0.2+8, mixed mode, aot, sharing, tiered, compressed oops, g1 gc, windows-amd64)
# No core dump will be written. Minidumps are not enabled by default on client versions of Windows
#

---------------  S U M M A R Y ------------

Command Line: -Dfile.encoding=Cp1252 Payment

Host: Intel(R) Core(TM) i5-1035G1 CPU @ 1.00GHz, 8 cores, 7G,  Windows 10 , 64 bit Build 19041 (10.0.19041.928)
Time: Fri May 28 01:51:52 2021 India Standard Time elapsed time: 0 seconds (0d 0h 0m 0s)

---------------  T H R E A D  ---------------

Current thread (0x0000017b29e58800):  JavaThread "Unknown thread" [_thread_in_vm, id=31228, stack(0x0000002c1d800000,0x0000002c1d900000)]

Stack: [0x0000002c1d800000,0x0000002c1d900000]
Native frames: (J=compiled Java code, j=interpreted, Vv=VM code, C=native code)
V  [jvm.dll+0x624f9a]
V  [jvm.dll+0x770cfa]
V  [jvm.dll+0x7724af]
V  [jvm.dll+0x772ab3]
V  [jvm.dll+0x24bf08]
V  [jvm.dll+0x6222aa]
V  [jvm.dll+0x6170b5]
V  [jvm.dll+0x30a88c]
V  [jvm.dll+0x30a6c2]
V  [jvm.dll+0x30fe36]
V  [jvm.dll+0x353f46]
V  [jvm.dll+0x353720]
V  [jvm.dll+0x2e550a]
V  [jvm.dll+0x2e67a2]
V  [jvm.dll+0x74dd78]
V  [jvm.dll+0x361989]
V  [jvm.dll+0x730e65]
V  [jvm.dll+0x3cc53f]
V  [jvm.dll+0x3ce861]
C  [jli.dll+0x51ff]
C  [ucrtbase.dll+0x21bb2]
C  [KERNEL32.DLL+0x17034]
C  [ntdll.dll+0x52651]


---------------  P R O C E S S  ---------------

Threads class SMR info:
_java_thread_list=0x00007ffd2c7fccb8, length=0, elements={
}

Java Threads: ( => current thread )

Other Threads:
  0x0000017b29e9c800 GCTaskThread "GC Thread#0" [stack: 0x0000002c1d900000,0x0000002c1da00000] [id=3112]
  0x0000017b29eaf000 ConcurrentGCThread "G1 Main Marker" [stack: 0x0000002c1da00000,0x0000002c1db00000] [id=32188]
  0x0000017b29eb0800 ConcurrentGCThread "G1 Conc#0" [stack: 0x0000002c1db00000,0x0000002c1dc00000] [id=36180]

[error occurred during error reporting (printing all threads), id 0xc0000005, EXCEPTION_ACCESS_VIOLATION (0xc0000005) at pc=0x00007ffd2c0351d7]

VM state:not at safepoint (not fully initialized)

VM Mutex/Monitor currently owned by a thread:  ([mutex/lock_event])
[0x0000017b29e548e0] Heap_lock - owner thread: 0x0000017b29e58800

Heap address: 0x0000000083a00000, size: 1990 MB, Compressed Oops mode: Non-zero based: 0x0000000083a00000
Narrow klass base: 0x0000000000000000, Narrow klass shift: 0

GC Heap History (0 events):
No events

Deoptimization events (0 events):
No events

Classes unloaded (0 events):
No events

Classes redefined (0 events):
No events

Internal exceptions (0 events):
No events

Events (8 events):
Event: 0.010 Loaded shared library C:\Program Files\Java\jdk-13.0.2\bin\zip.dll
Event: 0.010 Loaded shared library C:\Program Files\Java\jdk-13.0.2\bin\jimage.dll
Event: 0.011 Loading shared library C:\Program Files\Java\jdk-13.0.2\lib\libjava.base-coop.dll failed, error code 126
Event: 0.012 Loading shared library C:\Program Files\Java\jdk-13.0.2\lib\libjava.logging-coop.dll failed, error code 126
Event: 0.012 Loading shared library C:\Program Files\Java\jdk-13.0.2\lib\libjdk.compiler-coop.dll failed, error code 126
Event: 0.012 Loading shared library C:\Program Files\Java\jdk-13.0.2\lib\libjdk.scripting.nashorn-coop.dll failed, error code 126
Event: 0.012 Loading shared library C:\Program Files\Java\jdk-13.0.2\lib\libjdk.internal.vm.ci-coop.dll failed, error code 126
Event: 0.012 Loading shared library C:\Program Files\Java\jdk-13.0.2\lib\libjdk.internal.vm.compiler-coop.dll failed, error code 126


Dynamic libraries:
0x00007ff6c6ee0000 - 0x00007ff6c6eef000 	C:\Program Files\Java\jdk-13.0.2\bin\javaw.exe
0x00007ffd525b0000 - 0x00007ffd527a5000 	C:\WINDOWS\SYSTEM32\ntdll.dll
0x00007ffd50610000 - 0x00007ffd506cd000 	C:\WINDOWS\System32\KERNEL32.DLL
0x00007ffd502a0000 - 0x00007ffd50568000 	C:\WINDOWS\System32\KERNELBASE.dll
0x00007ffd50090000 - 0x00007ffd50190000 	C:\WINDOWS\System32\ucrtbase.dll
0x00007ffd474f0000 - 0x00007ffd47508000 	C:\Program Files\Java\jdk-13.0.2\bin\jli.dll
0x00007ffd489b0000 - 0x00007ffd489c5000 	C:\Program Files\Java\jdk-13.0.2\bin\VCRUNTIME140.dll
0x00007ffd51760000 - 0x00007ffd5180c000 	C:\WINDOWS\System32\ADVAPI32.dll
0x00007ffd51340000 - 0x00007ffd513de000 	C:\WINDOWS\System32\msvcrt.dll
0x00007ffd514c0000 - 0x00007ffd5155b000 	C:\WINDOWS\System32\sechost.dll
0x00007ffd51560000 - 0x00007ffd5168b000 	C:\WINDOWS\System32\RPCRT4.dll
0x00007ffd518c0000 - 0x00007ffd51a60000 	C:\WINDOWS\System32\USER32.dll
0x00007ffd4ffb0000 - 0x00007ffd4ffd2000 	C:\WINDOWS\System32\win32u.dll
0x00007ffd51310000 - 0x00007ffd5133a000 	C:\WINDOWS\System32\GDI32.dll
0x00007ffd4fea0000 - 0x00007ffd4ffab000 	C:\WINDOWS\System32\gdi32full.dll
0x00007ffd38970000 - 0x00007ffd38c0a000 	C:\WINDOWS\WinSxS\amd64_microsoft.windows.common-controls_6595b64144ccf1df_6.0.19041.844_none_ca00b6081b84eb1d\COMCTL32.dll
0x00007ffd50570000 - 0x00007ffd5060d000 	C:\WINDOWS\System32\msvcp_win.dll
0x00007ffd4a620000 - 0x00007ffd4a62a000 	C:\WINDOWS\SYSTEM32\VERSION.dll
0x00007ffd50ce0000 - 0x00007ffd50d10000 	C:\WINDOWS\System32\IMM32.DLL
0x00007ffd45160000 - 0x00007ffd451fb000 	C:\Program Files\Java\jdk-13.0.2\bin\msvcp140.dll
0x00007ffd2bd40000 - 0x00007ffd2c89d000 	C:\Program Files\Java\jdk-13.0.2\bin\server\jvm.dll
0x00007ffd52420000 - 0x00007ffd52428000 	C:\WINDOWS\System32\PSAPI.DLL
0x00007ffd397a0000 - 0x00007ffd397a9000 	C:\WINDOWS\SYSTEM32\WSOCK32.dll
0x00007ffd50e30000 - 0x00007ffd50e9b000 	C:\WINDOWS\System32\WS2_32.dll
0x00007ffd39990000 - 0x00007ffd399b7000 	C:\WINDOWS\SYSTEM32\WINMM.dll
0x00007ffd4e5c0000 - 0x00007ffd4e5d2000 	C:\WINDOWS\SYSTEM32\kernel.appcore.dll
0x00007ffd2d0d0000 - 0x00007ffd2d0e0000 	C:\Program Files\Java\jdk-13.0.2\bin\verify.dll
0x00007ffd4e2b0000 - 0x00007ffd4e494000 	C:\WINDOWS\SYSTEM32\DBGHELP.DLL
0x00007ffd479e0000 - 0x00007ffd47a0c000 	C:\WINDOWS\SYSTEM32\dbgcore.DLL
0x00007ffd50190000 - 0x00007ffd50210000 	C:\WINDOWS\System32\bcryptPrimitives.dll
0x00007ffd2d100000 - 0x00007ffd2d126000 	C:\Program Files\Java\jdk-13.0.2\bin\java.dll
0x00007ffd270e0000 - 0x00007ffd270f7000 	C:\Program Files\Java\jdk-13.0.2\bin\zip.dll
0x00007ffd2d060000 - 0x00007ffd2d06a000 	C:\Program Files\Java\jdk-13.0.2\bin\jimage.dll

dbghelp: loaded successfully - version: 4.0.5 - missing functions: none
symbol engine: initialized successfully - sym options: 0x614 - pdb path: .;C:\Program Files\Java\jdk-13.0.2\bin;C:\WINDOWS\SYSTEM32;C:\WINDOWS\WinSxS\amd64_microsoft.windows.common-controls_6595b64144ccf1df_6.0.19041.844_none_ca00b6081b84eb1d;C:\Program Files\Java\jdk-13.0.2\bin\server

VM Arguments:
jvm_args: -Dfile.encoding=Cp1252 
java_command: Payment
java_class_path (initial): C:\Users\RUSHIKESH\git\Travel-and-Tourism\Travel-and-Tourism\bin;C:\Users\RUSHIKESH\eclipse\postgresql-42.2.19.jar;C:\Users\RUSHIKESH\eclipse\mysql-connector-java-8.0.23\mysql-connector-java-8.0.23\mysql-connector-java-8.0.23.jar;C:\Users\RUSHIKESH\eclipse\jar_files\protobuf-java-3.11.4.jar
Launcher Type: SUN_STANDARD

[Global flags]
     intx CICompilerCount                          = 4                                         {product} {ergonomic}
     uint ConcGCThreads                            = 2                                         {product} {ergonomic}
     uint G1ConcRefinementThreads                  = 8                                         {product} {ergonomic}
   size_t G1HeapRegionSize                         = 1048576                                   {product} {ergonomic}
    uintx GCDrainStackTargetSize                   = 64                                        {product} {ergonomic}
   size_t InitialHeapSize                          = 132120576                                 {product} {ergonomic}
   size_t MarkStackSize                            = 4194304                                   {product} {ergonomic}
   size_t MaxHeapSize                              = 2086666240                                {product} {ergonomic}
   size_t MinHeapDeltaBytes                        = 1048576                                   {product} {ergonomic}
   size_t MinHeapSize                              = 8388608                                   {product} {ergonomic}
    uintx NonNMethodCodeHeapSize                   = 5839372                                {pd product} {ergonomic}
    uintx NonProfiledCodeHeapSize                  = 122909434                              {pd product} {ergonomic}
    uintx ProfiledCodeHeapSize                     = 122909434                              {pd product} {ergonomic}
    uintx ReservedCodeCacheSize                    = 251658240                              {pd product} {ergonomic}
     bool SegmentedCodeCache                       = true                                      {product} {ergonomic}
   size_t SoftMaxHeapSize                          = 2086666240                             {manageable} {ergonomic}
     bool UseCompressedClassPointers               = true                                 {lp64_product} {ergonomic}
     bool UseCompressedOops                        = true                                 {lp64_product} {ergonomic}
     bool UseG1GC                                  = true                                      {product} {ergonomic}
     bool UseLargePagesIndividualAllocation        = false                                  {pd product} {ergonomic}

Logging:
Log output configuration:
 #0: stdout all=warning uptime,level,tags
 #1: stderr all=off uptime,level,tags

Environment Variables:
PATH=C:/Program Files/Java/jdk-13.0.2/bin/server;C:/Program Files/Java/jdk-13.0.2/bin;C:\ProgramData\Anaconda3;C:\ProgramData\Anaconda3\Library\mingw-w64\bin;C:\ProgramData\Anaconda3\Library\usr\bin;C:\ProgramData\Anaconda3\Library\bin;C:\ProgramData\Anaconda3\Scripts;C:\Program Files\Java\jdk-13.0.2\bin;C:\Program Files\PostgreSQL\12\bin;C:\Program Files\PostgreSQL\12\lib;C:\Program Files\JetBrains\PyCharm Community Edition 2020.2\bin;C:\WINDOWS\system32;C:\WINDOWS;C:\WINDOWS\System32\Wbem;C:\WINDOWS\System32\WindowsPowerShell\v1.0\;C:\WINDOWS\System32\OpenSSH\;C:\Program Files (x86)\NVIDIA Corporation\PhysX\Common;C:\Program Files\NVIDIA Corporation\NVIDIA NvDLISR;C:\Program Files\MySQL\MySQL Shell 8.0\bin\;C:\Users\RUSHIKESH\AppData\Local\Programs\Python\Python38-32\Scripts\;C:\Users\RUSHIKESH\AppData\Local\Programs\Python\Python38-32\;C:\Program Files\Java\jdk-13.0.2\bin;C:\Users\RUSHIKESH\AppData\Local\Microsoft\WindowsApps;;C:\Users\RUSHIKESH\Desktop;
USERNAME=RUSHIKESH
OS=Windows_NT
PROCESSOR_IDENTIFIER=Intel64 Family 6 Model 126 Stepping 5, GenuineIntel



---------------  S Y S T E M  ---------------

OS: Windows 10 , 64 bit Build 19041 (10.0.19041.928)

CPU:total 8 (initial active 8) (4 cores per cpu, 2 threads per core) family 6 model 126 stepping 5, cmov, cx8, fxsr, mmx, sse, sse2, sse3, ssse3, sse4.1, sse4.2, popcnt, avx, avx2, aes, clmul, erms, 3dnowpref, lzcnt, ht, tsc, tscinvbit, bmi1, bmi2, adx, evex, sha, fma

Memory: 4k page, system-wide physical 7959M (413M free)
TotalPageFile size 32535M (AvailPageFile size 81M)
current process WorkingSet (physical memory assigned to process): 10M, peak: 10M
current process commit charge ("private bytes"): 60M, peak: 186M

vm_info: Java HotSpot(TM) 64-Bit Server VM (13.0.2+8) for windows-amd64 JRE (13.0.2+8), built on Dec 11 2019 09:20:33 by "mach5one" with unknown MS VC++:1916

END.
