#
# There is insufficient memory for the Java Runtime Environment to continue.
# Native memory allocation (malloc) failed to allocate 785760 bytes for Chunk::new
# Possible reasons:
#   The system is out of physical RAM or swap space
#   The process is running with CompressedOops enabled, and the Java Heap may be blocking the growth of the native heap
# Possible solutions:
#   Reduce memory load on the system
#   Increase physical memory or swap space
#   Check if swap backing store is full
#   Decrease Java heap size (-Xmx/-Xms)
#   Decrease number of Java threads
#   Decrease Java thread stack sizes (-Xss)
#   Set larger code cache with -XX:ReservedCodeCacheSize=
#   JVM is running with Unscaled Compressed Oops mode in which the Java heap is
#     placed in the first 4GB address space. The Java Heap base address is the
#     maximum limit for the native heap growth. Please use -XX:HeapBaseMinAddress
#     to set the Java Heap base and to place the Java Heap above 4GB virtual address.
# This output file may be truncated or incomplete.
#
#  Out of Memory Error (t:/workspace/open/src/hotspot/share/memory/arena.cpp:196), pid=26660, tid=28724
#
# JRE version: Java(TM) SE Runtime Environment (13.0.2+8) (build 13.0.2+8)
# Java VM: Java HotSpot(TM) 64-Bit Server VM (13.0.2+8, mixed mode, sharing, tiered, compressed oops, g1 gc, windows-amd64)
# No core dump will be written. Minidumps are not enabled by default on client versions of Windows
#

---------------  S U M M A R Y ------------

Command Line: -Dfile.encoding=Cp1252 AddCustomer

Host: Intel(R) Core(TM) i5-1035G1 CPU @ 1.00GHz, 8 cores, 7G,  Windows 10 , 64 bit Build 19041 (10.0.19041.662)
Time: Mon Mar  1 01:15:51 2021 India Standard Time elapsed time: 1 seconds (0d 0h 0m 1s)

---------------  T H R E A D  ---------------

Current thread (0x000001aa4f737800):  JavaThread "C2 CompilerThread0" daemon [_thread_in_native, id=28724, stack(0x000000a421100000,0x000000a421200000)]


Current CompileTask:
C2:   1327 1772   !   4       sun.font.TrueTypeFont::getTableBuffer (199 bytes)

Stack: [0x000000a421100000,0x000000a421200000]
Native frames: (J=compiled Java code, j=interpreted, Vv=VM code, C=native code)
V  [jvm.dll+0x624f9a]
V  [jvm.dll+0x770cfa]
V  [jvm.dll+0x7724af]
V  [jvm.dll+0x772ab3]
V  [jvm.dll+0x24bf08]
V  [jvm.dll+0xc1e47]
V  [jvm.dll+0xc23cc]
V  [jvm.dll+0x35c0c5]
V  [jvm.dll+0x19f100]
V  [jvm.dll+0x205d36]
V  [jvm.dll+0x204e3f]
V  [jvm.dll+0x189c2c]
V  [jvm.dll+0x213e6d]
V  [jvm.dll+0x2120bb]
V  [jvm.dll+0x736bb6]
V  [jvm.dll+0x72fcaa]
V  [jvm.dll+0x623ea6]
C  [ucrtbase.dll+0x214c2]
C  [KERNEL32.DLL+0x17034]
C  [ntdll.dll+0x4d0d1]


---------------  P R O C E S S  ---------------

Threads class SMR info:
_java_thread_list=0x000001aa51d8ecc0, length=17, elements={
0x000001aa4f70b000, 0x000001aa4f70c000, 0x000001aa4f727000, 0x000001aa4f728800,
0x000001aa4f737800, 0x000001aa4f73f800, 0x000001aa4f748800, 0x000001aa50183800,
0x000001aa5018a000, 0x000001aa503af800, 0x000001aa503b0800, 0x000001aa503f4000,
0x000001aa5046f000, 0x000001aa50e3b000, 0x000001aa50e4e800, 0x000001aa30198800,
0x000001aa51ced800
}

Java Threads: ( => current thread )
  0x000001aa4f70b000 JavaThread "Reference Handler" daemon [_thread_blocked, id=29724, stack(0x000000a420d00000,0x000000a420e00000)]
  0x000001aa4f70c000 JavaThread "Finalizer" daemon [_thread_blocked, id=27104, stack(0x000000a420e00000,0x000000a420f00000)]
  0x000001aa4f727000 JavaThread "Signal Dispatcher" daemon [_thread_blocked, id=29212, stack(0x000000a420f00000,0x000000a421000000)]
  0x000001aa4f728800 JavaThread "Attach Listener" daemon [_thread_blocked, id=28280, stack(0x000000a421000000,0x000000a421100000)]
=>0x000001aa4f737800 JavaThread "C2 CompilerThread0" daemon [_thread_in_native, id=28724, stack(0x000000a421100000,0x000000a421200000)]
  0x000001aa4f73f800 JavaThread "C1 CompilerThread0" daemon [_thread_blocked, id=30420, stack(0x000000a421200000,0x000000a421300000)]
  0x000001aa4f748800 JavaThread "Sweeper thread" daemon [_thread_blocked, id=21164, stack(0x000000a421300000,0x000000a421400000)]
  0x000001aa50183800 JavaThread "Service Thread" daemon [_thread_blocked, id=21024, stack(0x000000a421400000,0x000000a421500000)]
  0x000001aa5018a000 JavaThread "Common-Cleaner" daemon [_thread_blocked, id=26892, stack(0x000000a421600000,0x000000a421700000)]
  0x000001aa503af800 JavaThread "Java2D Disposer" daemon [_thread_blocked, id=29672, stack(0x000000a421700000,0x000000a421800000)]
  0x000001aa503b0800 JavaThread "AWT-Shutdown" [_thread_blocked, id=28716, stack(0x000000a421800000,0x000000a421900000)]
  0x000001aa503f4000 JavaThread "AWT-Windows" daemon [_thread_in_native, id=28360, stack(0x000000a421900000,0x000000a421a00000)]
  0x000001aa5046f000 JavaThread "Image Fetcher 0" daemon [_thread_blocked, id=26836, stack(0x000000a421a00000,0x000000a421b00000)]
  0x000001aa50e3b000 JavaThread "AWT-EventQueue-0" [_thread_blocked, id=26824, stack(0x000000a421b00000,0x000000a421c00000)]
  0x000001aa50e4e800 JavaThread "mysql-cj-abandoned-connection-cleanup" daemon [_thread_blocked, id=28728, stack(0x000000a421c00000,0x000000a421d00000)]
  0x000001aa30198800 JavaThread "DestroyJavaVM" [_thread_blocked, id=29340, stack(0x000000a420600000,0x000000a420700000)]
  0x000001aa51ced800 JavaThread "TimerQueue" daemon [_thread_blocked, id=25380, stack(0x000000a422700000,0x000000a422800000)]

Other Threads:
  0x000001aa4f705800 VMThread "VM Thread" [stack: 0x000000a420c00000,0x000000a420d00000] [id=28988]
  0x000001aa50186800 WatcherThread [stack: 0x000000a421500000,0x000000a421600000] [id=20892]
  0x000001aa301db000 GCTaskThread "GC Thread#0" [stack: 0x000000a420700000,0x000000a420800000] [id=30032]
  0x000001aa51c4a000 GCTaskThread "GC Thread#1" [stack: 0x000000a421d00000,0x000000a421e00000] [id=29180]
  0x000001aa51c60800 GCTaskThread "GC Thread#2" [stack: 0x000000a421e00000,0x000000a421f00000] [id=23684]
  0x000001aa51c65000 GCTaskThread "GC Thread#3" [stack: 0x000000a421f00000,0x000000a422000000] [id=24776]
  0x000001aa51c65800 GCTaskThread "GC Thread#4" [stack: 0x000000a422000000,0x000000a422100000] [id=27480]
  0x000001aa51c69000 GCTaskThread "GC Thread#5" [stack: 0x000000a422100000,0x000000a422200000] [id=31172]
  0x000001aa301ec000 ConcurrentGCThread "G1 Main Marker" [stack: 0x000000a420800000,0x000000a420900000] [id=24392]
  0x000001aa301ee000 ConcurrentGCThread "G1 Conc#0" [stack: 0x000000a420900000,0x000000a420a00000] [id=31336]
  0x000001aa4f586800 ConcurrentGCThread "G1 Refine#0" [stack: 0x000000a420a00000,0x000000a420b00000] [id=30860]
  0x000001aa50446800 ConcurrentGCThread "G1 Refine#1" [stack: 0x000000a422200000,0x000000a422300000] [id=29448]
  0x000001aa50394000 ConcurrentGCThread "G1 Refine#2" [stack: 0x000000a422300000,0x000000a422400000] [id=28732]
  0x000001aa4f587000 ConcurrentGCThread "G1 Young RemSet Sampling" [stack: 0x000000a420b00000,0x000000a420c00000] [id=11400]

Threads with active compile tasks:
C2 CompilerThread0     1389 1772   !   4       sun.font.TrueTypeFont::getTableBuffer (199 bytes)

VM state:not at safepoint (normal execution)

VM Mutex/Monitor currently owned by a thread: None

Heap address: 0x0000000083a00000, size: 1990 MB, Compressed Oops mode: 32-bit
Narrow klass base: 0x0000000800000000, Narrow klass shift: 3
Compressed class space size: 1073741824 Address: 0x0000000800b40000

Heap:
 garbage-first heap   total 129024K, used 23994K [0x0000000083a00000, 0x0000000100000000)
  region size 1024K, 15 young (15360K), 3 survivors (3072K)
 Metaspace       used 18053K, capacity 18402K, committed 18688K, reserved 1064960K
  class space    used 2097K, capacity 2239K, committed 2304K, reserved 1048576K
Heap Regions: E=young(eden), S=young(survivor), O=old, HS=humongous(starts), HC=humongous(continues), CS=collection set, F=free, A=archive, TAMS=top-at-mark-start (previous, next)
|   0|0x0000000083a00000, 0x0000000083b00000, 0x0000000083b00000|100%|HS|  |TAMS 0x0000000083a00000, 0x0000000083a00000| Complete 
|   1|0x0000000083b00000, 0x0000000083c00000, 0x0000000083c00000|100%|HC|  |TAMS 0x0000000083b00000, 0x0000000083b00000| Complete 
|   2|0x0000000083c00000, 0x0000000083d00000, 0x0000000083d00000|100%|HC|  |TAMS 0x0000000083c00000, 0x0000000083c00000| Complete 
|   3|0x0000000083d00000, 0x0000000083e00000, 0x0000000083e00000|100%| O|  |TAMS 0x0000000083d00000, 0x0000000083d00000| Untracked 
|   4|0x0000000083e00000, 0x0000000083f00000, 0x0000000083f00000|100%| O|  |TAMS 0x0000000083e00000, 0x0000000083e00000| Untracked 
|   5|0x0000000083f00000, 0x0000000084000000, 0x0000000084000000|100%| O|  |TAMS 0x0000000083f00000, 0x0000000083f00000| Untracked 
|   6|0x0000000084000000, 0x000000008406ea00, 0x0000000084100000| 43%| O|  |TAMS 0x0000000084000000, 0x0000000084000000| Untracked 
|   7|0x0000000084100000, 0x0000000084200000, 0x0000000084200000|100%|HS|  |TAMS 0x0000000084100000, 0x0000000084100000| Complete 
|   8|0x0000000084200000, 0x0000000084300000, 0x0000000084300000|100%|HC|  |TAMS 0x0000000084200000, 0x0000000084200000| Complete 
|   9|0x0000000084300000, 0x0000000084400000, 0x0000000084400000|100%|HC|  |TAMS 0x0000000084300000, 0x0000000084300000| Complete 
|  10|0x0000000084400000, 0x0000000084400000, 0x0000000084500000|  0%| F|  |TAMS 0x0000000084400000, 0x0000000084400000| Untracked 
|  11|0x0000000084500000, 0x0000000084500000, 0x0000000084600000|  0%| F|  |TAMS 0x0000000084500000, 0x0000000084500000| Untracked 
|  12|0x0000000084600000, 0x0000000084600000, 0x0000000084700000|  0%| F|  |TAMS 0x0000000084600000, 0x0000000084600000| Untracked 
|  13|0x0000000084700000, 0x0000000084700000, 0x0000000084800000|  0%| F|  |TAMS 0x0000000084700000, 0x0000000084700000| Untracked 
|  14|0x0000000084800000, 0x0000000084800000, 0x0000000084900000|  0%| F|  |TAMS 0x0000000084800000, 0x0000000084800000| Untracked 
|  15|0x0000000084900000, 0x0000000084900000, 0x0000000084a00000|  0%| F|  |TAMS 0x0000000084900000, 0x0000000084900000| Untracked 
|  16|0x0000000084a00000, 0x0000000084a00000, 0x0000000084b00000|  0%| F|  |TAMS 0x0000000084a00000, 0x0000000084a00000| Untracked 
|  17|0x0000000084b00000, 0x0000000084b00000, 0x0000000084c00000|  0%| F|  |TAMS 0x0000000084b00000, 0x0000000084b00000| Untracked 
|  18|0x0000000084c00000, 0x0000000084c00000, 0x0000000084d00000|  0%| F|  |TAMS 0x0000000084c00000, 0x0000000084c00000| Untracked 
|  19|0x0000000084d00000, 0x0000000084d00000, 0x0000000084e00000|  0%| F|  |TAMS 0x0000000084d00000, 0x0000000084d00000| Untracked 
|  20|0x0000000084e00000, 0x0000000084e00000, 0x0000000084f00000|  0%| F|  |TAMS 0x0000000084e00000, 0x0000000084e00000| Untracked 
|  21|0x0000000084f00000, 0x0000000084f00000, 0x0000000085000000|  0%| F|  |TAMS 0x0000000084f00000, 0x0000000084f00000| Untracked 
|  22|0x0000000085000000, 0x0000000085000000, 0x0000000085100000|  0%| F|  |TAMS 0x0000000085000000, 0x0000000085000000| Untracked 
|  23|0x0000000085100000, 0x0000000085100000, 0x0000000085200000|  0%| F|  |TAMS 0x0000000085100000, 0x0000000085100000| Untracked 
|  24|0x0000000085200000, 0x0000000085200000, 0x0000000085300000|  0%| F|  |TAMS 0x0000000085200000, 0x0000000085200000| Untracked 
|  25|0x0000000085300000, 0x0000000085300000, 0x0000000085400000|  0%| F|  |TAMS 0x0000000085300000, 0x0000000085300000| Untracked 
|  26|0x0000000085400000, 0x0000000085400000, 0x0000000085500000|  0%| F|  |TAMS 0x0000000085400000, 0x0000000085400000| Untracked 
|  27|0x0000000085500000, 0x0000000085500000, 0x0000000085600000|  0%| F|  |TAMS 0x0000000085500000, 0x0000000085500000| Untracked 
|  28|0x0000000085600000, 0x0000000085600000, 0x0000000085700000|  0%| F|  |TAMS 0x0000000085600000, 0x0000000085600000| Untracked 
|  29|0x0000000085700000, 0x0000000085700000, 0x0000000085800000|  0%| F|  |TAMS 0x0000000085700000, 0x0000000085700000| Untracked 
|  30|0x0000000085800000, 0x0000000085800000, 0x0000000085900000|  0%| F|  |TAMS 0x0000000085800000, 0x0000000085800000| Untracked 
|  31|0x0000000085900000, 0x0000000085900000, 0x0000000085a00000|  0%| F|  |TAMS 0x0000000085900000, 0x0000000085900000| Untracked 
|  32|0x0000000085a00000, 0x0000000085a00000, 0x0000000085b00000|  0%| F|  |TAMS 0x0000000085a00000, 0x0000000085a00000| Untracked 
|  33|0x0000000085b00000, 0x0000000085b00000, 0x0000000085c00000|  0%| F|  |TAMS 0x0000000085b00000, 0x0000000085b00000| Untracked 
|  34|0x0000000085c00000, 0x0000000085c00000, 0x0000000085d00000|  0%| F|  |TAMS 0x0000000085c00000, 0x0000000085c00000| Untracked 
|  35|0x0000000085d00000, 0x0000000085d00000, 0x0000000085e00000|  0%| F|  |TAMS 0x0000000085d00000, 0x0000000085d00000| Untracked 
|  36|0x0000000085e00000, 0x0000000085e00000, 0x0000000085f00000|  0%| F|  |TAMS 0x0000000085e00000, 0x0000000085e00000| Untracked 
|  37|0x0000000085f00000, 0x0000000085f00000, 0x0000000086000000|  0%| F|  |TAMS 0x0000000085f00000, 0x0000000085f00000| Untracked 
|  38|0x0000000086000000, 0x0000000086000000, 0x0000000086100000|  0%| F|  |TAMS 0x0000000086000000, 0x0000000086000000| Untracked 
|  39|0x0000000086100000, 0x0000000086100000, 0x0000000086200000|  0%| F|  |TAMS 0x0000000086100000, 0x0000000086100000| Untracked 
|  40|0x0000000086200000, 0x0000000086200000, 0x0000000086300000|  0%| F|  |TAMS 0x0000000086200000, 0x0000000086200000| Untracked 
|  41|0x0000000086300000, 0x0000000086300000, 0x0000000086400000|  0%| F|  |TAMS 0x0000000086300000, 0x0000000086300000| Untracked 
|  42|0x0000000086400000, 0x0000000086400000, 0x0000000086500000|  0%| F|  |TAMS 0x0000000086400000, 0x0000000086400000| Untracked 
|  43|0x0000000086500000, 0x0000000086500000, 0x0000000086600000|  0%| F|  |TAMS 0x0000000086500000, 0x0000000086500000| Untracked 
|  44|0x0000000086600000, 0x0000000086600000, 0x0000000086700000|  0%| F|  |TAMS 0x0000000086600000, 0x0000000086600000| Untracked 
|  45|0x0000000086700000, 0x0000000086700000, 0x0000000086800000|  0%| F|  |TAMS 0x0000000086700000, 0x0000000086700000| Untracked 
|  46|0x0000000086800000, 0x0000000086800000, 0x0000000086900000|  0%| F|  |TAMS 0x0000000086800000, 0x0000000086800000| Untracked 
|  47|0x0000000086900000, 0x0000000086900000, 0x0000000086a00000|  0%| F|  |TAMS 0x0000000086900000, 0x0000000086900000| Untracked 
|  48|0x0000000086a00000, 0x0000000086a00000, 0x0000000086b00000|  0%| F|  |TAMS 0x0000000086a00000, 0x0000000086a00000| Untracked 
|  49|0x0000000086b00000, 0x0000000086b00000, 0x0000000086c00000|  0%| F|  |TAMS 0x0000000086b00000, 0x0000000086b00000| Untracked 
|  50|0x0000000086c00000, 0x0000000086c00000, 0x0000000086d00000|  0%| F|  |TAMS 0x0000000086c00000, 0x0000000086c00000| Untracked 
|  51|0x0000000086d00000, 0x0000000086d00000, 0x0000000086e00000|  0%| F|  |TAMS 0x0000000086d00000, 0x0000000086d00000| Untracked 
|  52|0x0000000086e00000, 0x0000000086e00000, 0x0000000086f00000|  0%| F|  |TAMS 0x0000000086e00000, 0x0000000086e00000| Untracked 
|  53|0x0000000086f00000, 0x0000000086f00000, 0x0000000087000000|  0%| F|  |TAMS 0x0000000086f00000, 0x0000000086f00000| Untracked 
|  54|0x0000000087000000, 0x0000000087000000, 0x0000000087100000|  0%| F|  |TAMS 0x0000000087000000, 0x0000000087000000| Untracked 
|  55|0x0000000087100000, 0x0000000087100000, 0x0000000087200000|  0%| F|  |TAMS 0x0000000087100000, 0x0000000087100000| Untracked 
|  56|0x0000000087200000, 0x0000000087200000, 0x0000000087300000|  0%| F|  |TAMS 0x0000000087200000, 0x0000000087200000| Untracked 
|  57|0x0000000087300000, 0x0000000087300000, 0x0000000087400000|  0%| F|  |TAMS 0x0000000087300000, 0x0000000087300000| Untracked 
|  58|0x0000000087400000, 0x0000000087400000, 0x0000000087500000|  0%| F|  |TAMS 0x0000000087400000, 0x0000000087400000| Untracked 
|  59|0x0000000087500000, 0x0000000087500000, 0x0000000087600000|  0%| F|  |TAMS 0x0000000087500000, 0x0000000087500000| Untracked 
|  60|0x0000000087600000, 0x0000000087600000, 0x0000000087700000|  0%| F|  |TAMS 0x0000000087600000, 0x0000000087600000| Untracked 
|  61|0x0000000087700000, 0x0000000087700000, 0x0000000087800000|  0%| F|  |TAMS 0x0000000087700000, 0x0000000087700000| Untracked 
|  62|0x0000000087800000, 0x0000000087800000, 0x0000000087900000|  0%| F|  |TAMS 0x0000000087800000, 0x0000000087800000| Untracked 
|  63|0x0000000087900000, 0x0000000087900000, 0x0000000087a00000|  0%| F|  |TAMS 0x0000000087900000, 0x0000000087900000| Untracked 
|  64|0x0000000087a00000, 0x0000000087a00000, 0x0000000087b00000|  0%| F|  |TAMS 0x0000000087a00000, 0x0000000087a00000| Untracked 
|  65|0x0000000087b00000, 0x0000000087b00000, 0x0000000087c00000|  0%| F|  |TAMS 0x0000000087b00000, 0x0000000087b00000| Untracked 
|  66|0x0000000087c00000, 0x0000000087c00000, 0x0000000087d00000|  0%| F|  |TAMS 0x0000000087c00000, 0x0000000087c00000| Untracked 
|  67|0x0000000087d00000, 0x0000000087d00000, 0x0000000087e00000|  0%| F|  |TAMS 0x0000000087d00000, 0x0000000087d00000| Untracked 
|  68|0x0000000087e00000, 0x0000000087e00000, 0x0000000087f00000|  0%| F|  |TAMS 0x0000000087e00000, 0x0000000087e00000| Untracked 
|  69|0x0000000087f00000, 0x0000000087f00000, 0x0000000088000000|  0%| F|  |TAMS 0x0000000087f00000, 0x0000000087f00000| Untracked 
|  70|0x0000000088000000, 0x0000000088000000, 0x0000000088100000|  0%| F|  |TAMS 0x0000000088000000, 0x0000000088000000| Untracked 
|  71|0x0000000088100000, 0x0000000088100000, 0x0000000088200000|  0%| F|  |TAMS 0x0000000088100000, 0x0000000088100000| Untracked 
|  72|0x0000000088200000, 0x0000000088200000, 0x0000000088300000|  0%| F|  |TAMS 0x0000000088200000, 0x0000000088200000| Untracked 
|  73|0x0000000088300000, 0x0000000088300000, 0x0000000088400000|  0%| F|  |TAMS 0x0000000088300000, 0x0000000088300000| Untracked 
|  74|0x0000000088400000, 0x0000000088400000, 0x0000000088500000|  0%| F|  |TAMS 0x0000000088400000, 0x0000000088400000| Untracked 
|  75|0x0000000088500000, 0x0000000088500000, 0x0000000088600000|  0%| F|  |TAMS 0x0000000088500000, 0x0000000088500000| Untracked 
|  76|0x0000000088600000, 0x0000000088600000, 0x0000000088700000|  0%| F|  |TAMS 0x0000000088600000, 0x0000000088600000| Untracked 
|  77|0x0000000088700000, 0x0000000088700000, 0x0000000088800000|  0%| F|  |TAMS 0x0000000088700000, 0x0000000088700000| Untracked 
|  78|0x0000000088800000, 0x0000000088800000, 0x0000000088900000|  0%| F|  |TAMS 0x0000000088800000, 0x0000000088800000| Untracked 
|  79|0x0000000088900000, 0x0000000088900000, 0x0000000088a00000|  0%| F|  |TAMS 0x0000000088900000, 0x0000000088900000| Untracked 
|  80|0x0000000088a00000, 0x0000000088a00000, 0x0000000088b00000|  0%| F|  |TAMS 0x0000000088a00000, 0x0000000088a00000| Untracked 
|  81|0x0000000088b00000, 0x0000000088b00000, 0x0000000088c00000|  0%| F|  |TAMS 0x0000000088b00000, 0x0000000088b00000| Untracked 
|  82|0x0000000088c00000, 0x0000000088c00000, 0x0000000088d00000|  0%| F|  |TAMS 0x0000000088c00000, 0x0000000088c00000| Untracked 
|  83|0x0000000088d00000, 0x0000000088d00000, 0x0000000088e00000|  0%| F|  |TAMS 0x0000000088d00000, 0x0000000088d00000| Untracked 
|  84|0x0000000088e00000, 0x0000000088e00000, 0x0000000088f00000|  0%| F|  |TAMS 0x0000000088e00000, 0x0000000088e00000| Untracked 
|  85|0x0000000088f00000, 0x0000000088f00000, 0x0000000089000000|  0%| F|  |TAMS 0x0000000088f00000, 0x0000000088f00000| Untracked 
|  86|0x0000000089000000, 0x0000000089000000, 0x0000000089100000|  0%| F|  |TAMS 0x0000000089000000, 0x0000000089000000| Untracked 
|  87|0x0000000089100000, 0x0000000089100000, 0x0000000089200000|  0%| F|  |TAMS 0x0000000089100000, 0x0000000089100000| Untracked 
|  88|0x0000000089200000, 0x0000000089200000, 0x0000000089300000|  0%| F|  |TAMS 0x0000000089200000, 0x0000000089200000| Untracked 
|  89|0x0000000089300000, 0x0000000089300000, 0x0000000089400000|  0%| F|  |TAMS 0x0000000089300000, 0x0000000089300000| Untracked 
|  90|0x0000000089400000, 0x0000000089400000, 0x0000000089500000|  0%| F|  |TAMS 0x0000000089400000, 0x0000000089400000| Untracked 
|  91|0x0000000089500000, 0x0000000089500000, 0x0000000089600000|  0%| F|  |TAMS 0x0000000089500000, 0x0000000089500000| Untracked 
|  92|0x0000000089600000, 0x0000000089600000, 0x0000000089700000|  0%| F|  |TAMS 0x0000000089600000, 0x0000000089600000| Untracked 
|  93|0x0000000089700000, 0x0000000089700000, 0x0000000089800000|  0%| F|  |TAMS 0x0000000089700000, 0x0000000089700000| Untracked 
|  94|0x0000000089800000, 0x0000000089800000, 0x0000000089900000|  0%| F|  |TAMS 0x0000000089800000, 0x0000000089800000| Untracked 
|  95|0x0000000089900000, 0x0000000089900000, 0x0000000089a00000|  0%| F|  |TAMS 0x0000000089900000, 0x0000000089900000| Untracked 
|  96|0x0000000089a00000, 0x0000000089a00000, 0x0000000089b00000|  0%| F|  |TAMS 0x0000000089a00000, 0x0000000089a00000| Untracked 
|  97|0x0000000089b00000, 0x0000000089b00000, 0x0000000089c00000|  0%| F|  |TAMS 0x0000000089b00000, 0x0000000089b00000| Untracked 
|  98|0x0000000089c00000, 0x0000000089c00000, 0x0000000089d00000|  0%| F|  |TAMS 0x0000000089c00000, 0x0000000089c00000| Untracked 
|  99|0x0000000089d00000, 0x0000000089e00000, 0x0000000089e00000|100%| S|CS|TAMS 0x0000000089d00000, 0x0000000089d00000| Complete 
| 100|0x0000000089e00000, 0x0000000089f00000, 0x0000000089f00000|100%| S|CS|TAMS 0x0000000089e00000, 0x0000000089e00000| Complete 
| 101|0x0000000089f00000, 0x000000008a000000, 0x000000008a000000|100%| S|CS|TAMS 0x0000000089f00000, 0x0000000089f00000| Complete 
| 102|0x000000008a000000, 0x000000008a000000, 0x000000008a100000|  0%| F|  |TAMS 0x000000008a000000, 0x000000008a000000| Untracked 
| 103|0x000000008a100000, 0x000000008a100000, 0x000000008a200000|  0%| F|  |TAMS 0x000000008a100000, 0x000000008a100000| Untracked 
| 104|0x000000008a200000, 0x000000008a200000, 0x000000008a300000|  0%| F|  |TAMS 0x000000008a200000, 0x000000008a200000| Untracked 
| 105|0x000000008a300000, 0x000000008a300000, 0x000000008a400000|  0%| F|  |TAMS 0x000000008a300000, 0x000000008a300000| Untracked 
| 106|0x000000008a400000, 0x000000008a400000, 0x000000008a500000|  0%| F|  |TAMS 0x000000008a400000, 0x000000008a400000| Untracked 
| 107|0x000000008a500000, 0x000000008a500000, 0x000000008a600000|  0%| F|  |TAMS 0x000000008a500000, 0x000000008a500000| Untracked 
| 108|0x000000008a600000, 0x000000008a600000, 0x000000008a700000|  0%| F|  |TAMS 0x000000008a600000, 0x000000008a600000| Untracked 
| 109|0x000000008a700000, 0x000000008a700000, 0x000000008a800000|  0%| F|  |TAMS 0x000000008a700000, 0x000000008a700000| Untracked 
| 110|0x000000008a800000, 0x000000008a800000, 0x000000008a900000|  0%| F|  |TAMS 0x000000008a800000, 0x000000008a800000| Untracked 
| 111|0x000000008a900000, 0x000000008a900000, 0x000000008aa00000|  0%| F|  |TAMS 0x000000008a900000, 0x000000008a900000| Untracked 
| 112|0x000000008aa00000, 0x000000008aa00000, 0x000000008ab00000|  0%| F|  |TAMS 0x000000008aa00000, 0x000000008aa00000| Untracked 
| 113|0x000000008ab00000, 0x000000008ab00000, 0x000000008ac00000|  0%| F|  |TAMS 0x000000008ab00000, 0x000000008ab00000| Untracked 
| 114|0x000000008ac00000, 0x000000008ac13b48, 0x000000008ad00000|  7%| E|  |TAMS 0x000000008ac00000, 0x000000008ac00000| Complete 
| 115|0x000000008ad00000, 0x000000008ae00000, 0x000000008ae00000|100%| E|CS|TAMS 0x000000008ad00000, 0x000000008ad00000| Complete 
| 116|0x000000008ae00000, 0x000000008af00000, 0x000000008af00000|100%| E|CS|TAMS 0x000000008ae00000, 0x000000008ae00000| Complete 
| 117|0x000000008af00000, 0x000000008b000000, 0x000000008b000000|100%| E|CS|TAMS 0x000000008af00000, 0x000000008af00000| Complete 
| 118|0x000000008b000000, 0x000000008b100000, 0x000000008b100000|100%| E|CS|TAMS 0x000000008b000000, 0x000000008b000000| Complete 
| 119|0x000000008b100000, 0x000000008b200000, 0x000000008b200000|100%| E|CS|TAMS 0x000000008b100000, 0x000000008b100000| Complete 
| 120|0x000000008b200000, 0x000000008b300000, 0x000000008b300000|100%| E|CS|TAMS 0x000000008b200000, 0x000000008b200000| Complete 
| 121|0x000000008b300000, 0x000000008b400000, 0x000000008b400000|100%| E|CS|TAMS 0x000000008b300000, 0x000000008b300000| Complete 
| 122|0x000000008b400000, 0x000000008b500000, 0x000000008b500000|100%| E|CS|TAMS 0x000000008b400000, 0x000000008b400000| Complete 
| 123|0x000000008b500000, 0x000000008b600000, 0x000000008b600000|100%| E|CS|TAMS 0x000000008b500000, 0x000000008b500000| Complete 
| 124|0x000000008b600000, 0x000000008b700000, 0x000000008b700000|100%| E|CS|TAMS 0x000000008b600000, 0x000000008b600000| Complete 
| 125|0x000000008b700000, 0x000000008b800000, 0x000000008b800000|100%| E|CS|TAMS 0x000000008b700000, 0x000000008b700000| Complete 

Card table byte_map: [0x000001aa48640000,0x000001aa48a30000] _byte_map_base: 0x000001aa48223000

Marking Bits (Prev, Next): (CMBitMap*) 0x000001aa301dba78, (CMBitMap*) 0x000001aa301dbab8
 Prev Bits: [0x000001aa48e20000, 0x000001aa4ad38000)
 Next Bits: [0x000001aa4ad40000, 0x000001aa4cc58000)

Polling page: 0x000001aa2eb30000

Metaspace:

Usage:
  Non-class:     15.78 MB capacity,    15.58 MB ( 99%) used,   167.39 KB (  1%) free+waste,    38.94 KB ( <1%) overhead. 
      Class:      2.19 MB capacity,     2.05 MB ( 94%) used,   120.99 KB (  5%) free+waste,    20.75 KB ( <1%) overhead. 
       Both:     17.97 MB capacity,    17.63 MB ( 98%) used,   288.38 KB (  2%) free+waste,    59.69 KB ( <1%) overhead. 

Virtual space:
  Non-class space:       16.00 MB reserved,      16.00 MB (100%) committed 
      Class space:        1.00 GB reserved,       2.25 MB ( <1%) committed 
             Both:        1.02 GB reserved,      18.25 MB (  2%) committed 

Chunk freelists:
   Non-Class:  29.00 KB
       Class:  1.00 KB
        Both:  30.00 KB

MaxMetaspaceSize: 17179869184.00 GB
CompressedClassSpaceSize: 1.00 GB

CodeHeap 'non-profiled nmethods': size=120000Kb used=597Kb max_used=597Kb free=119402Kb
 bounds [0x000001aa40180000, 0x000001aa403f0000, 0x000001aa476b0000]
CodeHeap 'profiled nmethods': size=120000Kb used=3754Kb max_used=3754Kb free=116245Kb
 bounds [0x000001aa38c50000, 0x000001aa39000000, 0x000001aa40180000]
CodeHeap 'non-nmethods': size=5760Kb used=1392Kb max_used=1392Kb free=4367Kb
 bounds [0x000001aa386b0000, 0x000001aa38920000, 0x000001aa38c50000]
 total_blobs=3168 nmethods=1843 adapters=601
 compilation: enabled
              stopped_count=0, restarted_count=0
 full_count=0

Compilation events (20 events):
Event: 1.309 Thread 0x000001aa4f73f800 1798       3       java.awt.geom.Rectangle2D::<init> (5 bytes)
Event: 1.309 Thread 0x000001aa4f73f800 nmethod 1798 0x000001aa38fdc590 code [0x000001aa38fdc740, 0x000001aa38fdc978]
Event: 1.309 Thread 0x000001aa4f73f800 1799       3       java.lang.Math::floor (5 bytes)
Event: 1.309 Thread 0x000001aa4f73f800 nmethod 1799 0x000001aa38fdca90 code [0x000001aa38fdcc80, 0x000001aa38fdce70]
Event: 1.309 Thread 0x000001aa4f73f800 1800       3       java.lang.StrictMath::floor (12 bytes)
Event: 1.309 Thread 0x000001aa4f73f800 nmethod 1800 0x000001aa38fdcf10 code [0x000001aa38fdd0e0, 0x000001aa38fdd270]
Event: 1.311 Thread 0x000001aa4f73f800 1801       3       java.awt.Component::isDisplayable (13 bytes)
Event: 1.312 Thread 0x000001aa4f73f800 nmethod 1801 0x000001aa38fdd310 code [0x000001aa38fdd4c0, 0x000001aa38fdd698]
Event: 1.312 Thread 0x000001aa4f73f800 1802  s    3       sun.font.FontManagerFactory::getInstance (25 bytes)
Event: 1.312 Thread 0x000001aa4f73f800 nmethod 1802 0x000001aa38fdd710 code [0x000001aa38fdd920, 0x000001aa38fddfe0]
Event: 1.313 Thread 0x000001aa4f73f800 1803       3       java.awt.Component::getFont (5 bytes)
Event: 1.313 Thread 0x000001aa4f73f800 nmethod 1803 0x000001aa38fde210 code [0x000001aa38fde3e0, 0x000001aa38fde790]
Event: 1.313 Thread 0x000001aa4f73f800 1804       3       sun.java2d.pipe.PixelToParallelogramConverter::normalize (15 bytes)
Event: 1.314 Thread 0x000001aa4f73f800 nmethod 1804 0x000001aa38fde890 code [0x000001aa38fdea80, 0x000001aa38fded30]
Event: 1.314 Thread 0x000001aa4f73f800 1805       3       java.awt.geom.AffineTransform::getType (17 bytes)
Event: 1.314 Thread 0x000001aa4f73f800 nmethod 1805 0x000001aa38fdee90 code [0x000001aa38fdf040, 0x000001aa38fdf250]
Event: 1.323 Thread 0x000001aa4f73f800 1806       1       java.awt.geom.Rectangle2D$Double::getX (5 bytes)
Event: 1.323 Thread 0x000001aa4f73f800 nmethod 1806 0x000001aa40211e10 code [0x000001aa40211fa0, 0x000001aa402120d8]
Event: 1.323 Thread 0x000001aa4f73f800 1807       1       java.awt.geom.Rectangle2D$Double::getY (5 bytes)
Event: 1.323 Thread 0x000001aa4f73f800 nmethod 1807 0x000001aa40212190 code [0x000001aa40212320, 0x000001aa40212458]

GC Heap History (2 events):
Event: 0.941 GC heap before
{Heap before GC invocations=0 (full 0):
 garbage-first heap   total 129024K, used 26624K [0x0000000083a00000, 0x0000000100000000)
  region size 1024K, 24 young (24576K), 0 survivors (0K)
 Metaspace       used 15734K, capacity 16123K, committed 16384K, reserved 1062912K
  class space    used 1872K, capacity 2033K, committed 2048K, reserved 1048576K
}
Event: 0.948 GC heap after
{Heap after GC invocations=1 (full 0):
 garbage-first heap   total 129024K, used 9658K [0x0000000083a00000, 0x0000000100000000)
  region size 1024K, 3 young (3072K), 3 survivors (3072K)
 Metaspace       used 15734K, capacity 16123K, committed 16384K, reserved 1062912K
  class space    used 1872K, capacity 2033K, committed 2048K, reserved 1048576K
}

Deoptimization events (20 events):
Event: 0.819 Thread 0x000001aa30198800 Uncommon trap: trap_request=0xffffff45 fr.pc=0x000001aa401e05a4 relative=0x0000000000000264
Event: 0.819 Thread 0x000001aa30198800 Uncommon trap: reason=unstable_if action=reinterpret pc=0x000001aa401e05a4 method=java.util.HashMap.putVal(ILjava/lang/Object;Ljava/lang/Object;ZZ)Ljava/lang/Object; @ 162 c2
Event: 0.819 Thread 0x000001aa30198800 DEOPT PACKING pc=0x000001aa401e05a4 sp=0x000000a4206fc770
Event: 0.819 Thread 0x000001aa30198800 DEOPT UNPACKING pc=0x000001aa386b852f sp=0x000000a4206fc710 mode 2
Event: 0.820 Thread 0x000001aa30198800 Uncommon trap: trap_request=0xffffff45 fr.pc=0x000001aa401e198c relative=0x000000000000024c
Event: 0.820 Thread 0x000001aa30198800 Uncommon trap: reason=unstable_if action=reinterpret pc=0x000001aa401e198c method=java.util.regex.Pattern$SliceI.match(Ljava/util/regex/Matcher;ILjava/lang/CharSequence;)Z @ 29 c2
Event: 0.820 Thread 0x000001aa30198800 DEOPT PACKING pc=0x000001aa401e198c sp=0x000000a4206fdd80
Event: 0.820 Thread 0x000001aa30198800 DEOPT UNPACKING pc=0x000001aa386b852f sp=0x000000a4206fdd18 mode 2
Event: 0.976 Thread 0x000001aa30198800 Uncommon trap: trap_request=0xffffff45 fr.pc=0x000001aa401a3bc8 relative=0x00000000000002a8
Event: 0.976 Thread 0x000001aa30198800 Uncommon trap: reason=unstable_if action=reinterpret pc=0x000001aa401a3bc8 method=java.lang.StringUTF16.compress([CI[BII)I @ 20 c2
Event: 0.976 Thread 0x000001aa30198800 DEOPT PACKING pc=0x000001aa401a3bc8 sp=0x000000a4206fcdc0
Event: 0.976 Thread 0x000001aa30198800 DEOPT UNPACKING pc=0x000001aa386b852f sp=0x000000a4206fcd40 mode 2
Event: 1.199 Thread 0x000001aa50e3b000 Uncommon trap: trap_request=0xffffff45 fr.pc=0x000001aa4019cacc relative=0x000000000000022c
Event: 1.199 Thread 0x000001aa50e3b000 Uncommon trap: reason=unstable_if action=reinterpret pc=0x000001aa4019cacc method=java.lang.String.hashCode()I @ 20 c2
Event: 1.200 Thread 0x000001aa50e3b000 DEOPT PACKING pc=0x000001aa4019cacc sp=0x000000a421bfcee0
Event: 1.200 Thread 0x000001aa50e3b000 DEOPT UNPACKING pc=0x000001aa386b852f sp=0x000000a421bfce70 mode 2
Event: 1.258 Thread 0x000001aa50e3b000 Uncommon trap: trap_request=0xffffff45 fr.pc=0x000001aa40210664 relative=0x00000000000000c4
Event: 1.258 Thread 0x000001aa50e3b000 Uncommon trap: reason=unstable_if action=reinterpret pc=0x000001aa40210664 method=java.lang.ref.SoftReference.get()Ljava/lang/Object; @ 6 c2
Event: 1.258 Thread 0x000001aa50e3b000 DEOPT PACKING pc=0x000001aa40210664 sp=0x000000a421bfd3f0
Event: 1.258 Thread 0x000001aa50e3b000 DEOPT UNPACKING pc=0x000001aa386b852f sp=0x000000a421bfd3a8 mode 2

Classes unloaded (0 events):
No events

Classes redefined (0 events):
No events

Internal exceptions (20 events):
Event: 0.181 Thread 0x000001aa30198800 Exception <a 'java/io/FileNotFoundException'{0x000000008b6f6a50}> (0x000000008b6f6a50) 
thrown [t:/workspace/open/src/hotspot/share/prims/jni.cpp, line 598]
Event: 0.189 Thread 0x000001aa30198800 Exception <a 'java/io/FileNotFoundException'{0x000000008b51d8d0}> (0x000000008b51d8d0) 
thrown [t:/workspace/open/src/hotspot/share/prims/jni.cpp, line 598]
Event: 0.239 Thread 0x000001aa503f4000 Exception <a 'java/lang/NoSuchMethodError'{0x000000008b5fb628}: 'void java.lang.invoke.DirectMethodHandle$Holder.invokeSpecial(java.lang.Object, java.lang.Object)'> (0x000000008b5fb628) 
thrown [t:/workspace/open/src/hotspot/share/interpreter/linkResolver.cpp, line 767]
Event: 0.264 Thread 0x000001aa30198800 Exception <a 'java/lang/NoSuchMethodError'{0x000000008b5de778}: 'java.lang.Object java.lang.invoke.DirectMethodHandle$Holder.invokeStatic(java.lang.Object, int, java.lang.Object, java.lang.Object, java.lang.Object, java.lang.Object)'> (0x000000008b5de778) 
thrown [t:/workspace/open/src/hotspot/share/interpreter/linkResolver.cpp, line 767]
Event: 0.264 Thread 0x000001aa30198800 Exception <a 'java/lang/NoSuchMethodError'{0x000000008b5e50d8}: 'java.lang.Object java.lang.invoke.DirectMethodHandle$Holder.invokeStatic(java.lang.Object, int, java.lang.Object, java.lang.Object, java.lang.Object)'> (0x000000008b5e50d8) 
thrown [t:/workspace/open/src/hotspot/share/interpreter/linkResolver.cpp, line 767]
Event: 0.264 Thread 0x000001aa30198800 Exception <a 'java/lang/NoSuchMethodError'{0x000000008b5e8940}: 'java.lang.Object java.lang.invoke.DirectMethodHandle$Holder.invokeSpecial(java.lang.Object, java.lang.Object, int, java.lang.Object, java.lang.Object, java.lang.Object)'> (0x000000008b5e8940) 
thrown [t:/workspace/open/src/hotspot/share/interpreter/linkResolver.cpp, line 767]
Event: 0.267 Thread 0x000001aa30198800 Exception <a 'java/lang/NoSuchMethodError'{0x000000008b408f90}: 'java.lang.Object java.lang.invoke.DirectMethodHandle$Holder.invokeStatic(java.lang.Object, int, java.lang.Object)'> (0x000000008b408f90) 
thrown [t:/workspace/open/src/hotspot/share/interpreter/linkResolver.cpp, line 767]
Event: 0.283 Thread 0x000001aa30198800 Exception <a 'java/lang/ClassNotFoundException'{0x000000008b4ac300}: com/sun/swing/internal/plaf/metal/resources/spi/metalProvider> (0x000000008b4ac300) 
thrown [t:/workspace/open/src/hotspot/share/classfile/systemDictionary.cpp, line 232]
Event: 0.284 Thread 0x000001aa30198800 Exception <a 'java/lang/ClassNotFoundException'{0x000000008b4b03d8}: com/sun/swing/internal/plaf/basic/resources/spi/basicProvider> (0x000000008b4b03d8) 
thrown [t:/workspace/open/src/hotspot/share/classfile/systemDictionary.cpp, line 232]
Event: 0.436 Thread 0x000001aa30198800 Exception <a 'java/lang/NoSuchMethodError'{0x000000008ad50cf0}: 'int java.lang.invoke.DirectMethodHandle$Holder.invokeSpecialIFC(java.lang.Object, java.lang.Object, int)'> (0x000000008ad50cf0) 
thrown [t:/workspace/open/src/hotspot/share/interpreter/linkResolver.cpp, line 767]
Event: 0.468 Thread 0x000001aa30198800 Exception <a 'java/lang/NoSuchMethodError'{0x000000008ac67948}: 'java.lang.Object java.lang.invoke.DirectMethodHandle$Holder.invokeVirtual(java.lang.Object, java.lang.Object, java.lang.Object)'> (0x000000008ac67948) 
thrown [t:/workspace/open/src/hotspot/share/interpreter/linkResolver.cpp, line 767]
Event: 0.576 Thread 0x000001aa30198800 Exception <a 'java/lang/NoSuchMethodError'{0x000000008a8c7640}: 'void java.lang.invoke.DirectMethodHandle$Holder.invokeStaticInit(java.lang.Object, java.lang.Object)'> (0x000000008a8c7640) 
thrown [t:/workspace/open/src/hotspot/share/interpreter/linkResolver.cpp, line 767]
Event: 0.645 Thread 0x000001aa30198800 Exception <a 'java/lang/NoSuchMethodError'{0x000000008a50eba8}: 'java.lang.Object java.lang.invoke.DirectMethodHandle$Holder.invokeStaticInit(java.lang.Object, int, int, int, int)'> (0x000000008a50eba8) 
thrown [t:/workspace/open/src/hotspot/share/interpreter/linkResolver.cpp, line 767]
Event: 0.646 Thread 0x000001aa30198800 Exception <a 'sun/nio/fs/WindowsException'{0x000000008a5148e8}> (0x000000008a5148e8) 
thrown [t:/workspace/open/src/hotspot/share/prims/jni.cpp, line 598]
Event: 0.653 Thread 0x000001aa30198800 Exception <a 'java/lang/NoSuchMethodError'{0x000000008a537b30}: 'int java.lang.invoke.DirectMethodHandle$Holder.invokeStaticInit(java.lang.Object, java.lang.Object, java.lang.Object, java.lang.Object)'> (0x000000008a537b30) 
thrown [t:/workspace/open/src/hotspot/share/interpreter/linkResolver.cpp, line 767]
Event: 0.654 Thread 0x000001aa30198800 Exception <a 'java/lang/IncompatibleClassChangeError'{0x000000008a5402d0}: Found class java.lang.Object, but interface was expected> (0x000000008a5402d0) 
thrown [t:/workspace/open/src/hotspot/share/interpreter/linkResolver.cpp, line 833]
Event: 0.655 Thread 0x000001aa30198800 Exception <a 'java/lang/NoSuchMethodError'{0x000000008a5453c0}: 'int java.lang.invoke.DirectMethodHandle$Holder.invokeStaticInit(java.lang.Object, java.lang.Object)'> (0x000000008a5453c0) 
thrown [t:/workspace/open/src/hotspot/share/interpreter/linkResolver.cpp, line 767]
Event: 0.798 Thread 0x000001aa30198800 Exception <a 'java/lang/NoSuchMethodError'{0x000000008a3dff20}: 'java.lang.Object java.lang.invoke.DirectMethodHandle$Holder.invokeStaticInit(java.lang.Object, java.lang.Object, int, int, int, int)'> (0x000000008a3dff20) 
thrown [t:/workspace/open/src/hotspot/share/interpreter/linkResolver.cpp, line 767]
Event: 0.963 Thread 0x000001aa30198800 Exception <a 'java/lang/NoSuchMethodError'{0x000000008b720928}: 'void java.lang.invoke.DirectMethodHandle$Holder.invokeStaticInit(java.lang.Object)'> (0x000000008b720928) 
thrown [t:/workspace/open/src/hotspot/share/interpreter/linkResolver.cpp, line 767]
Event: 0.987 Thread 0x000001aa30198800 Exception <a 'java/lang/NoSuchMethodError'{0x000000008b776518}: 'java.lang.Object java.lang.invoke.Invokers$Holder.linkToTargetMethod(java.lang.Object, int, java.lang.Object)'> (0x000000008b776518) 
thrown [t:/workspace/open/src/hotspot/share/interpreter/linkResolver.cpp, line 767]

Events (20 events):
Event: 1.311 Executing VM operation: RevokeBias
Event: 1.311 Executing VM operation: RevokeBias done
Event: 1.313 loading class javax/swing/plaf/basic/BasicGraphicsUtils
Event: 1.313 loading class javax/swing/plaf/basic/BasicGraphicsUtils done
Event: 1.313 Executing VM operation: RevokeBias
Event: 1.313 Executing VM operation: RevokeBias done
Event: 1.313 Executing VM operation: RevokeBias
Event: 1.313 Executing VM operation: RevokeBias done
Event: 1.321 loading class sun/java2d/pipe/ShapeSpanIterator
Event: 1.321 loading class sun/java2d/pipe/SpanIterator
Event: 1.321 loading class sun/java2d/pipe/SpanIterator done
Event: 1.321 loading class sun/java2d/pipe/ShapeSpanIterator done
Event: 1.322 loading class java/awt/geom/Path2D$Float$TxIterator
Event: 1.322 loading class java/awt/geom/Path2D$Iterator
Event: 1.322 loading class java/awt/geom/Path2D$Iterator done
Event: 1.322 loading class java/awt/geom/Path2D$Float$TxIterator done
Event: 1.322 Executing VM operation: RevokeBias
Event: 1.322 Executing VM operation: RevokeBias done
Event: 1.322 Executing VM operation: RevokeBias
Event: 1.322 Executing VM operation: RevokeBias done


Dynamic libraries:
0x00007ff6751a0000 - 0x00007ff6751af000 	C:\Program Files\Java\jdk-13.0.2\bin\javaw.exe
0x00007ffafc470000 - 0x00007ffafc666000 	C:\WINDOWS\SYSTEM32\ntdll.dll
0x00007ffafaed0000 - 0x00007ffafaf8d000 	C:\WINDOWS\System32\KERNEL32.DLL
0x00007ffafa0f0000 - 0x00007ffafa3b9000 	C:\WINDOWS\System32\KERNELBASE.dll
0x00007ffaf9d00000 - 0x00007ffaf9e00000 	C:\WINDOWS\System32\ucrtbase.dll
0x00007ffaef7b0000 - 0x00007ffaef7c5000 	C:\Program Files\Java\jdk-13.0.2\bin\VCRUNTIME140.dll
0x00007ffab6480000 - 0x00007ffab6498000 	C:\Program Files\Java\jdk-13.0.2\bin\jli.dll
0x00007ffafb2d0000 - 0x00007ffafb37c000 	C:\WINDOWS\System32\ADVAPI32.dll
0x00007ffafbd40000 - 0x00007ffafbdde000 	C:\WINDOWS\System32\msvcrt.dll
0x00007ffafa520000 - 0x00007ffafa5bc000 	C:\WINDOWS\System32\sechost.dll
0x00007ffafbe40000 - 0x00007ffafbf6b000 	C:\WINDOWS\System32\RPCRT4.dll
0x00007ffafc0a0000 - 0x00007ffafc240000 	C:\WINDOWS\System32\USER32.dll
0x00007ffaf9e30000 - 0x00007ffaf9e52000 	C:\WINDOWS\System32\win32u.dll
0x00007ffadfda0000 - 0x00007ffae003b000 	C:\WINDOWS\WinSxS\amd64_microsoft.windows.common-controls_6595b64144ccf1df_6.0.19041.488_none_ca04af081b815d21\COMCTL32.dll
0x00007ffafb1f0000 - 0x00007ffafb21a000 	C:\WINDOWS\System32\GDI32.dll
0x00007ffafa3c0000 - 0x00007ffafa4c9000 	C:\WINDOWS\System32\gdi32full.dll
0x00007ffaf9c60000 - 0x00007ffaf9cfd000 	C:\WINDOWS\System32\msvcp_win.dll
0x00007ffaf3cf0000 - 0x00007ffaf3cfa000 	C:\WINDOWS\SYSTEM32\VERSION.dll
0x00007ffafa4f0000 - 0x00007ffafa520000 	C:\WINDOWS\System32\IMM32.DLL
0x00007ffab14c0000 - 0x00007ffab155b000 	C:\Program Files\Java\jdk-13.0.2\bin\msvcp140.dll
0x00007ffaa0c90000 - 0x00007ffaa17ed000 	C:\Program Files\Java\jdk-13.0.2\bin\server\jvm.dll
0x00007ffafbf70000 - 0x00007ffafbf78000 	C:\WINDOWS\System32\PSAPI.DLL
0x00007ffad96b0000 - 0x00007ffad96d7000 	C:\WINDOWS\SYSTEM32\WINMM.dll
0x00007ffad8e60000 - 0x00007ffad8e69000 	C:\WINDOWS\SYSTEM32\WSOCK32.dll
0x00007ffafbf80000 - 0x00007ffafbfeb000 	C:\WINDOWS\System32\WS2_32.dll
0x00007ffaf8490000 - 0x00007ffaf84a2000 	C:\WINDOWS\SYSTEM32\kernel.appcore.dll
0x00007ffaf5340000 - 0x00007ffaf5350000 	C:\Program Files\Java\jdk-13.0.2\bin\verify.dll
0x00007ffaf79f0000 - 0x00007ffaf7bd4000 	C:\WINDOWS\SYSTEM32\DBGHELP.DLL
0x00007ffad9d40000 - 0x00007ffad9d6c000 	C:\WINDOWS\SYSTEM32\dbgcore.DLL
0x00007ffafa070000 - 0x00007ffafa0f0000 	C:\WINDOWS\System32\bcryptPrimitives.dll
0x00007ffaae5e0000 - 0x00007ffaae606000 	C:\Program Files\Java\jdk-13.0.2\bin\java.dll
0x00007ffab7a10000 - 0x00007ffab7a27000 	C:\Program Files\Java\jdk-13.0.2\bin\zip.dll
0x00007ffaef7a0000 - 0x00007ffaef7aa000 	C:\Program Files\Java\jdk-13.0.2\bin\jimage.dll
0x00007ffafa5c0000 - 0x00007ffafad02000 	C:\WINDOWS\System32\SHELL32.dll
0x00007ffaf7ce0000 - 0x00007ffaf8475000 	C:\WINDOWS\SYSTEM32\windows.storage.dll
0x00007ffafb380000 - 0x00007ffafb6d6000 	C:\WINDOWS\System32\combase.dll
0x00007ffaf9620000 - 0x00007ffaf964c000 	C:\WINDOWS\SYSTEM32\Wldp.dll
0x00007ffafb220000 - 0x00007ffafb2ce000 	C:\WINDOWS\System32\SHCORE.dll
0x00007ffafb6e0000 - 0x00007ffafb735000 	C:\WINDOWS\System32\shlwapi.dll
0x00007ffaf9ae0000 - 0x00007ffaf9b06000 	C:\WINDOWS\SYSTEM32\profapi.dll
0x00007ffab3250000 - 0x00007ffab3269000 	C:\Program Files\Java\jdk-13.0.2\bin\net.dll
0x00007ffae7d10000 - 0x00007ffae7e10000 	C:\WINDOWS\SYSTEM32\WINHTTP.dll
0x00007ffaf93a0000 - 0x00007ffaf940a000 	C:\WINDOWS\system32\mswsock.dll
0x00007ffaaeb80000 - 0x00007ffaaeb93000 	C:\Program Files\Java\jdk-13.0.2\bin\nio.dll
0x00007ffaa2590000 - 0x00007ffaa2729000 	C:\Program Files\Java\jdk-13.0.2\bin\awt.dll
0x00007ffafc360000 - 0x00007ffafc42d000 	C:\WINDOWS\System32\OLEAUT32.dll
0x00007ffaf7190000 - 0x00007ffaf7220000 	C:\WINDOWS\SYSTEM32\apphelp.dll
0x00007ffaf7570000 - 0x00007ffaf759f000 	C:\WINDOWS\system32\DWMAPI.DLL
0x00007ffaf7290000 - 0x00007ffaf732e000 	C:\WINDOWS\system32\uxtheme.dll
0x00007ffac3220000 - 0x00007ffac3345000 	C:\WINDOWS\system32\opengl32.dll
0x00007ffae2c60000 - 0x00007ffae2c8c000 	C:\WINDOWS\SYSTEM32\GLU32.dll
0x00007ffafc240000 - 0x00007ffafc356000 	C:\WINDOWS\System32\MSCTF.dll
0x00007ffafbc10000 - 0x00007ffafbd3a000 	C:\WINDOWS\System32\ole32.dll
0x00007ffabff60000 - 0x00007ffabff8d000 	C:\Program Files\Java\jdk-13.0.2\bin\javajpeg.dll
0x00007ffaf9080000 - 0x00007ffaf914b000 	C:\WINDOWS\SYSTEM32\DNSAPI.dll
0x00007ffaf9040000 - 0x00007ffaf907b000 	C:\WINDOWS\SYSTEM32\IPHLPAPI.DLL
0x00007ffafb1e0000 - 0x00007ffafb1e8000 	C:\WINDOWS\System32\NSI.dll
0x00007ffae7fe0000 - 0x00007ffae7fea000 	C:\Windows\System32\rasadhlp.dll
0x00007ffae7c90000 - 0x00007ffae7d0f000 	C:\WINDOWS\System32\fwpuclnt.dll
0x00007ffaf9e00000 - 0x00007ffaf9e27000 	C:\WINDOWS\System32\bcrypt.dll
0x00007ffaea190000 - 0x00007ffaea19e000 	C:\Program Files\Java\jdk-13.0.2\bin\sunmscapi.dll
0x00007ffaf9e60000 - 0x00007ffaf9fbd000 	C:\WINDOWS\System32\CRYPT32.dll
0x00007ffaf9690000 - 0x00007ffaf96b7000 	C:\WINDOWS\SYSTEM32\ncrypt.dll
0x00007ffaf9650000 - 0x00007ffaf968b000 	C:\WINDOWS\SYSTEM32\NTASN1.dll
0x00007ffaa6e00000 - 0x00007ffaa6e25000 	C:\Program Files\Java\jdk-13.0.2\bin\sunec.dll
0x00007ffaf9570000 - 0x00007ffaf9588000 	C:\WINDOWS\SYSTEM32\CRYPTSP.dll
0x00007ffaf8cc0000 - 0x00007ffaf8cf4000 	C:\WINDOWS\system32\rsaenh.dll
0x00007ffaf9a60000 - 0x00007ffaf9a8e000 	C:\WINDOWS\SYSTEM32\USERENV.dll
0x00007ffaf9590000 - 0x00007ffaf959c000 	C:\WINDOWS\SYSTEM32\CRYPTBASE.dll
0x00007ffaf1930000 - 0x00007ffaf1947000 	C:\WINDOWS\SYSTEM32\dhcpcsvc6.DLL
0x00007ffaf1c80000 - 0x00007ffaf1c9d000 	C:\WINDOWS\SYSTEM32\dhcpcsvc.DLL
0x00007ffab5080000 - 0x00007ffab5102000 	C:\Program Files\Java\jdk-13.0.2\bin\freetype.dll
0x00007ffaa29e0000 - 0x00007ffaa2a86000 	C:\Program Files\Java\jdk-13.0.2\bin\fontmanager.dll
0x00007ffafbff0000 - 0x00007ffafc099000 	C:\WINDOWS\System32\clbcatq.dll
0x00007ffaf2e00000 - 0x00007ffaf2fb4000 	C:\WINDOWS\SYSTEM32\WindowsCodecs.dll
0x00007ffadd230000 - 0x00007ffadd26e000 	C:\WINDOWS\system32\dataexchange.dll
0x00007ffaf55c0000 - 0x00007ffaf5824000 	C:\WINDOWS\system32\d3d11.dll
0x00007ffaf6520000 - 0x00007ffaf6707000 	C:\WINDOWS\system32\dcomp.dll
0x00007ffaf8500000 - 0x00007ffaf85f3000 	C:\WINDOWS\system32\dxgi.dll
0x00007ffaf4820000 - 0x00007ffaf4a28000 	C:\WINDOWS\system32\twinapi.appcore.dll
0x00007ffaed630000 - 0x00007ffaed72d000 	C:\WINDOWS\SYSTEM32\textinputframework.dll
0x00007ffaf6ad0000 - 0x00007ffaf6e2e000 	C:\WINDOWS\System32\CoreUIComponents.dll
0x00007ffaf6e30000 - 0x00007ffaf6f22000 	C:\WINDOWS\System32\CoreMessaging.dll
0x00007ffaf89b0000 - 0x00007ffaf89e3000 	C:\WINDOWS\SYSTEM32\ntmarta.dll
0x00007ffaf63c0000 - 0x00007ffaf6516000 	C:\WINDOWS\SYSTEM32\wintypes.dll

dbghelp: loaded successfully - version: 4.0.5 - missing functions: none
symbol engine: initialized successfully - sym options: 0x614 - pdb path: .;C:\Program Files\Java\jdk-13.0.2\bin;C:\WINDOWS\SYSTEM32;C:\WINDOWS\WinSxS\amd64_microsoft.windows.common-controls_6595b64144ccf1df_6.0.19041.488_none_ca04af081b815d21;C:\Program Files\Java\jdk-13.0.2\bin\server

VM Arguments:
jvm_args: -Dfile.encoding=Cp1252 
java_command: AddCustomer
java_class_path (initial): C:\Users\RUSHIKESH\git\Travel-and-Tourism\Travel-and-Tourism\bin;C:\Users\RUSHIKESH\eclipse\postgresql-42.2.19.jar;C:\Users\RUSHIKESH\eclipse\mysql-connector-java-8.0.23\mysql-connector-java-8.0.23\mysql-connector-java-8.0.23.jar;C:\Users\RUSHIKESH\eclipse\jar_files\protobuf-java-3.11.4.jar
Launcher Type: SUN_STANDARD

[Global flags]
     intx CICompilerCount                          = 4                                         {product} {ergonomic}
     uint ConcGCThreads                            = 2                                         {product} {ergonomic}
     uint G1ConcRefinementThreads                  = 8                                         {product} {ergonomic}
   size_t G1HeapRegionSize                         = 1048576                                   {product} {ergonomic}
    uintx GCDrainStackTargetSize                   = 64                                        {product} {ergonomic}
   size_t InitialHeapSize                          = 132120576                                 {product} {ergonomic}
   size_t MarkStackSize                            = 4194304                                   {product} {ergonomic}
   size_t MaxHeapSize                              = 2086666240                                {product} {ergonomic}
   size_t MaxNewSize                               = 1251999744                                {product} {ergonomic}
   size_t MinHeapDeltaBytes                        = 1048576                                   {product} {ergonomic}
   size_t MinHeapSize                              = 8388608                                   {product} {ergonomic}
    uintx NonNMethodCodeHeapSize                   = 5839372                                {pd product} {ergonomic}
    uintx NonProfiledCodeHeapSize                  = 122909434                              {pd product} {ergonomic}
    uintx ProfiledCodeHeapSize                     = 122909434                              {pd product} {ergonomic}
    uintx ReservedCodeCacheSize                    = 251658240                              {pd product} {ergonomic}
     bool SegmentedCodeCache                       = true                                      {product} {ergonomic}
   size_t SoftMaxHeapSize                          = 2086666240                             {manageable} {ergonomic}
     bool UseCompressedClassPointers               = true                                 {lp64_product} {ergonomic}
     bool UseCompressedOops                        = true                                 {lp64_product} {ergonomic}
     bool UseG1GC                                  = true                                      {product} {ergonomic}
     bool UseLargePagesIndividualAllocation        = false                                  {pd product} {ergonomic}

Logging:
Log output configuration:
 #0: stdout all=warning uptime,level,tags
 #1: stderr all=off uptime,level,tags

Environment Variables:
PATH=C:/Program Files/Java/jdk-13.0.2/bin/server;C:/Program Files/Java/jdk-13.0.2/bin;C:\ProgramData\Anaconda3;C:\ProgramData\Anaconda3\Library\mingw-w64\bin;C:\ProgramData\Anaconda3\Library\usr\bin;C:\ProgramData\Anaconda3\Library\bin;C:\ProgramData\Anaconda3\Scripts;C:\Program Files\Java\jdk-13.0.2\bin;C:\Program Files\PostgreSQL\12\bin;C:\Program Files\PostgreSQL\12\lib;C:\Program Files\JetBrains\PyCharm Community Edition 2020.2\bin;C:\WINDOWS\system32;C:\WINDOWS;C:\WINDOWS\System32\Wbem;C:\WINDOWS\System32\WindowsPowerShell\v1.0\;C:\WINDOWS\System32\OpenSSH\;C:\Program Files (x86)\NVIDIA Corporation\PhysX\Common;C:\Program Files\NVIDIA Corporation\NVIDIA NvDLISR;C:\Program Files\MySQL\MySQL Shell 8.0\bin\;C:\Users\RUSHIKESH\AppData\Local\Programs\Python\Python38-32\Scripts\;C:\Users\RUSHIKESH\AppData\Local\Programs\Python\Python38-32\;C:\Program Files\Java\jdk-13.0.2\bin;C:\Users\RUSHIKESH\AppData\Local\Microsoft\WindowsApps;;C:\Users\RUSHIKESH\Desktop;
USERNAME=RUSHIKESH
OS=Windows_NT
PROCESSOR_IDENTIFIER=Intel64 Family 6 Model 126 Stepping 5, GenuineIntel



---------------  S Y S T E M  ---------------

OS: Windows 10 , 64 bit Build 19041 (10.0.19041.662)

CPU:total 8 (initial active 8) (4 cores per cpu, 2 threads per core) family 6 model 126 stepping 5, cmov, cx8, fxsr, mmx, sse, sse2, sse3, ssse3, sse4.1, sse4.2, popcnt, avx, avx2, aes, clmul, erms, 3dnowpref, lzcnt, ht, tsc, tscinvbit, bmi1, bmi2, adx, evex, sha, fma

Memory: 4k page, system-wide physical 7959M (379M free)
TotalPageFile size 32535M (AvailPageFile size 4M)
current process WorkingSet (physical memory assigned to process): 114M, peak: 114M
current process commit charge ("private bytes"): 246M, peak: 247M

vm_info: Java HotSpot(TM) 64-Bit Server VM (13.0.2+8) for windows-amd64 JRE (13.0.2+8), built on Dec 11 2019 09:20:33 by "mach5one" with unknown MS VC++:1916

END.
